2026-06-18T17:58:50Z INF Thank you for trying Cloudflare Tunnel. Doing so, without a Cloudflare account, is a quick way to experiment and try it out. However, be aware that these account-less Tunnels have no uptime guarantee, are subject to the Cloudflare Online Services Terms of Use (https://www.cloudflare.com/website-terms/), and Cloudflare reserves the right to investigate your use of Tunnels for violations of such terms. If you intend to use Tunnels in production you should use a pre-created named tunnel by following: https://developers.cloudflare.com/cloudflare-one/connections/connect-apps
2026-06-18T17:58:50Z INF Requesting new quick Tunnel on trycloudflare.com...
2026-06-18T17:58:55Z INF +--------------------------------------------------------------------------------------------+
2026-06-18T17:58:55Z INF |  Your quick Tunnel has been created! Visit it at (it may take some time to be reachable):  |
2026-06-18T17:58:55Z INF |  https://means-receiving-gotta-calendar.trycloudflare.com                                  |
2026-06-18T17:58:55Z INF +--------------------------------------------------------------------------------------------+
2026-06-18T17:58:55Z INF Cannot determine default configuration path. No file [config.yml config.yaml] in [~/.cloudflared ~/.cloudflare-warp ~/cloudflare-warp]
2026-06-18T17:58:55Z INF Version 2026.5.2 (Checksum 20b9638f685333d623798e733effbad2487093f15ba592f6c7752360ff3b7ab7)
2026-06-18T17:58:55Z INF GOOS: windows, GOVersion: go1.26.3, GoArch: amd64
2026-06-18T17:58:55Z INF Settings: map[ha-connections:1 no-autoupdate:true protocol:quic url:http://localhost:3000]
2026-06-18T17:58:55Z INF cloudflared will not automatically update on Windows systems.
2026-06-18T17:58:55Z INF Generated Connector ID: 4d16d2cd-bfb5-4d10-8000-1808dd75b6d8
2026-06-18T17:58:55Z INF Initial protocol quic
2026-06-18T17:58:55Z INF ICMP proxy will use 192.168.0.103 as source for IPv4
2026-06-18T17:58:55Z INF ICMP proxy will use fe80::4ff:c030:d683:7afe in zone OpenVPN Data Channel Offload for Surfshark as source for IPv6
2026-06-18T17:58:55Z INF cloudflared does not support loading the system root certificate pool on Windows. Please use --origin-ca-pool <PATH> to specify the path to the certificate pool
2026-06-18T17:58:55Z INF ICMP proxy will use 192.168.0.103 as source for IPv4
2026-06-18T17:58:55Z INF Tunnel connection curve preferences: [X25519MLKEM768 CurveID(65074) CurveP256] connIndex=0 event=0 ip=198.41.200.73
2026-06-18T17:58:55Z INF ICMP proxy will use fe80::4ff:c030:d683:7afe in zone OpenVPN Data Channel Offload for Surfshark as source for IPv6
2026-06-18T17:58:55Z INF Starting metrics server on 127.0.0.1:20241/metrics
2026-06-18T17:58:56Z INF +-------------------------------------------------------------------------------------+
2026-06-18T17:58:56Z INF |                               CONNECTIVITY PRE-CHECKS                               |
2026-06-18T17:58:56Z INF +-------------------------------------------------------------------------------------+
2026-06-18T17:58:56Z INF |  COMPONENT         TARGET                     STATUS  DETAILS                       |
2026-06-18T17:58:56Z INF |  DNS Resolution    region1.v2.argotunnel.com  PASS    DNS Resolved successfully     |
2026-06-18T17:58:56Z INF |  DNS Resolution    region2.v2.argotunnel.com  PASS    DNS Resolved successfully     |
2026-06-18T17:58:56Z INF |  UDP Connectivity  region1.v2.argotunnel.com  PASS    QUIC connection successful    |
2026-06-18T17:58:56Z INF |  UDP Connectivity  region2.v2.argotunnel.com  PASS    QUIC connection successful    |
2026-06-18T17:58:56Z INF |  TCP Connectivity  region1.v2.argotunnel.com  PASS    HTTP/2 connection successful  |
2026-06-18T17:58:56Z INF |  TCP Connectivity  region2.v2.argotunnel.com  PASS    HTTP/2 connection successful  |
2026-06-18T17:58:56Z INF |  Cloudflare API    api.cloudflare.com:443     PASS    API is reachable              |
2026-06-18T17:58:56Z INF |                                                                                     |
2026-06-18T17:58:56Z INF |  SUMMARY: Environment is healthy. cloudflared will use 'quic' as primary protocol.  |
2026-06-18T17:58:56Z INF +-------------------------------------------------------------------------------------+
2026-06-18T17:58:56Z INF precheck component="DNS Resolution" details="DNS Resolved successfully" run_id=37ba6eae-3287-480d-89b0-b38e8ab9f76c status=pass target=region1.v2.argotunnel.com
2026-06-18T17:58:56Z INF precheck component="DNS Resolution" details="DNS Resolved successfully" run_id=37ba6eae-3287-480d-89b0-b38e8ab9f76c status=pass target=region2.v2.argotunnel.com
2026-06-18T17:58:56Z INF precheck component="UDP Connectivity" details="QUIC connection successful" run_id=37ba6eae-3287-480d-89b0-b38e8ab9f76c status=pass target=region1.v2.argotunnel.com
2026-06-18T17:58:56Z INF precheck component="UDP Connectivity" details="QUIC connection successful" run_id=37ba6eae-3287-480d-89b0-b38e8ab9f76c status=pass target=region2.v2.argotunnel.com
2026-06-18T17:58:56Z INF precheck component="TCP Connectivity" details="HTTP/2 connection successful" run_id=37ba6eae-3287-480d-89b0-b38e8ab9f76c status=pass target=region1.v2.argotunnel.com
2026-06-18T17:58:56Z INF precheck component="TCP Connectivity" details="HTTP/2 connection successful" run_id=37ba6eae-3287-480d-89b0-b38e8ab9f76c status=pass target=region2.v2.argotunnel.com
2026-06-18T17:58:56Z INF precheck component="Cloudflare API" details="API is reachable" run_id=37ba6eae-3287-480d-89b0-b38e8ab9f76c status=pass target=api.cloudflare.com:443
2026-06-18T17:58:56Z INF precheck complete hard_fail=false run_id=37ba6eae-3287-480d-89b0-b38e8ab9f76c suggested_protocol=quic
2026-06-18T17:58:56Z INF Registered tunnel connection connIndex=0 connection=e0ee97da-a320-44eb-a2d8-211aecadaa84 event=0 ip=198.41.200.73 location=bom10 protocol=quic
2026-06-18T19:09:13Z ERR  error="stream 181 canceled by remote with error code 0" connIndex=0 event=1 ingressRule=0 originService=http://localhost:3000
2026-06-18T19:09:13Z ERR Request failed error="stream 181 canceled by remote with error code 0" connIndex=0 dest=https://means-receiving-gotta-calendar.trycloudflare.com/api/progress/d03d4311-510d-43ec-a6a8-550fd7466d57 event=0 ip=198.41.200.73 type=http
2026-06-18T19:10:16Z ERR  error="stream 205 canceled by remote with error code 0" connIndex=0 event=1 ingressRule=0 originService=http://localhost:3000
2026-06-18T19:10:16Z ERR Request failed error="stream 205 canceled by remote with error code 0" connIndex=0 dest=https://means-receiving-gotta-calendar.trycloudflare.com/api/progress/568965cb-e311-44a9-aeb1-af6de72492de event=0 ip=198.41.200.73 type=http
2026-06-18T19:11:46Z ERR  error="stream 213 canceled by remote with error code 0" connIndex=0 event=1 ingressRule=0 originService=http://localhost:3000
2026-06-18T19:11:46Z ERR Request failed error="stream 213 canceled by remote with error code 0" connIndex=0 dest=https://means-receiving-gotta-calendar.trycloudflare.com/api/progress/43b45072-4658-43ce-89e4-6e474a614686 event=0 ip=198.41.200.73 type=http
2026-06-18T19:12:10Z ERR  error="stream 237 canceled by remote with error code 0" connIndex=0 event=1 ingressRule=0 originService=http://localhost:3000
2026-06-18T19:12:10Z ERR Request failed error="stream 237 canceled by remote with error code 0" connIndex=0 dest=https://means-receiving-gotta-calendar.trycloudflare.com/api/progress/820a161d-c1a3-4863-b138-575d55f63df6 event=0 ip=198.41.200.73 type=http
